<?xml version="1.0" encoding="UTF-8"?>
<testsuites>
  <testsuite name="fastlane.lanes">
    
    
    
      
      <testcase classname="fastlane.lanes" name="0: default_platform" time="0.0024292">
        
      </testcase>
    
      
      <testcase classname="fastlane.lanes" name="1: test" time="61.0368757">
        
          <failure message="C:/Ruby32-x64/lib/ruby/gems/3.2.0/gems/fastlane-2.220.0/fastlane/lib/fastlane/actions/actions_helper.rb:67:in `execute_action&apos;&#10;C:/Ruby32-x64/lib/ruby/gems/3.2.0/gems/fastlane-2.220.0/fastlane/lib/fastlane/runner.rb:255:in `block in execute_action&apos;&#10;C:/Ruby32-x64/lib/ruby/gems/3.2.0/gems/fastlane-2.220.0/fastlane/lib/fastlane/runner.rb:229:in `chdir&apos;&#10;C:/Ruby32-x64/lib/ruby/gems/3.2.0/gems/fastlane-2.220.0/fastlane/lib/fastlane/runner.rb:229:in `execute_action&apos;&#10;C:/Ruby32-x64/lib/ruby/gems/3.2.0/gems/fastlane-2.220.0/fastlane/lib/fastlane/runner.rb:157:in `trigger_action_by_name&apos;&#10;C:/Ruby32-x64/lib/ruby/gems/3.2.0/gems/fastlane-2.220.0/fastlane/lib/fastlane/fast_file.rb:159:in `method_missing&apos;&#10;Fastfile:21:in `block (2 levels) in parsing_binding&apos;&#10;C:/Ruby32-x64/lib/ruby/gems/3.2.0/gems/fastlane-2.220.0/fastlane/lib/fastlane/lane.rb:41:in `call&apos;&#10;C:/Ruby32-x64/lib/ruby/gems/3.2.0/gems/fastlane-2.220.0/fastlane/lib/fastlane/runner.rb:49:in `block in execute&apos;&#10;C:/Ruby32-x64/lib/ruby/gems/3.2.0/gems/fastlane-2.220.0/fastlane/lib/fastlane/runner.rb:45:in `chdir&apos;&#10;C:/Ruby32-x64/lib/ruby/gems/3.2.0/gems/fastlane-2.220.0/fastlane/lib/fastlane/runner.rb:45:in `execute&apos;&#10;C:/Ruby32-x64/lib/ruby/gems/3.2.0/gems/fastlane-2.220.0/fastlane/lib/fastlane/lane_manager.rb:46:in `cruise_lane&apos;&#10;C:/Ruby32-x64/lib/ruby/gems/3.2.0/gems/fastlane-2.220.0/fastlane/lib/fastlane/command_line_handler.rb:34:in `handle&apos;&#10;C:/Ruby32-x64/lib/ruby/gems/3.2.0/gems/fastlane-2.220.0/fastlane/lib/fastlane/commands_generator.rb:110:in `block (2 levels) in run&apos;&#10;C:/Ruby32-x64/lib/ruby/gems/3.2.0/gems/commander-4.6.0/lib/commander/command.rb:187:in `call&apos;&#10;C:/Ruby32-x64/lib/ruby/gems/3.2.0/gems/commander-4.6.0/lib/commander/command.rb:157:in `run&apos;&#10;C:/Ruby32-x64/lib/ruby/gems/3.2.0/gems/commander-4.6.0/lib/commander/runner.rb:444:in `run_active_command&apos;&#10;C:/Ruby32-x64/lib/ruby/gems/3.2.0/gems/fastlane-2.220.0/fastlane_core/lib/fastlane_core/ui/fastlane_runner.rb:124:in `run!&apos;&#10;C:/Ruby32-x64/lib/ruby/gems/3.2.0/gems/commander-4.6.0/lib/commander/delegates.rb:18:in `run!&apos;&#10;C:/Ruby32-x64/lib/ruby/gems/3.2.0/gems/fastlane-2.220.0/fastlane/lib/fastlane/commands_generator.rb:363:in `run&apos;&#10;C:/Ruby32-x64/lib/ruby/gems/3.2.0/gems/fastlane-2.220.0/fastlane/lib/fastlane/commands_generator.rb:43:in `start&apos;&#10;C:/Ruby32-x64/lib/ruby/gems/3.2.0/gems/fastlane-2.220.0/fastlane/lib/fastlane/cli_tools_distributor.rb:123:in `take_off&apos;&#10;C:/Ruby32-x64/lib/ruby/gems/3.2.0/gems/fastlane-2.220.0/bin/fastlane:23:in `&lt;top (required)&gt;&apos;&#10;C:/Ruby32-x64/bin/fastlane:32:in `load&apos;&#10;C:/Ruby32-x64/bin/fastlane:32:in `&lt;main&gt;&apos;&#10;&#10;Exit status of command &apos;&quot;F:/Android Studio.OLD/jar_app/android/gradlew&quot; test -p .&apos; was 1 instead of 0.&#10;&#10;Welcome to Gradle 8.2!&#10;&#10;Here are the highlights of this release:&#10; - Kotlin DSL: new reference documentation, assignment syntax by default&#10; - Kotlin DSL is now the default with Gradle init&#10; - Improved suggestions to resolve errors in console output&#10;&#10;For more details see https://docs.gradle.org/8.2/release-notes.html&#10;&#10;Starting a Gradle Daemon, 1 incompatible Daemon could not be reused, use --status for details&#10;&gt; Task :gradle:compileJava NO-SOURCE&#10;&gt; Task :gradle:compileGroovy&#10;&gt; Task :gradle:pluginDescriptors UP-TO-DATE&#10;&gt; Task :gradle:processResources&#10;&gt; Task :gradle:classes&#10;&gt; Task :gradle:jar&#10;&#10;FAILURE: Build failed with an exception.&#10;&#10;* What went wrong:&#10;Could not determine the dependencies of task &apos;:flutter_plugin_android_lifecycle:test&apos;.&#10;&gt; Could not create task &apos;:flutter_plugin_android_lifecycle:testProfileUnitTest&apos;.&#10;   &gt; this and base files have different roots: F:\Android Studio.OLD\jar_app\build\flutter_plugin_android_lifecycle and C:\Users\akash\AppData\Local\Pub\Cache\hosted\pub.dev\flutter_plugin_android_lifecycle-2.0.18\android.&#10;&#10;* Try:&#10;&gt; Run with --stacktrace option to get the stack trace.&#10;&gt; Run with --info or --debug option to get more log output.&#10;&gt; Run with --scan to get full insights.&#10;&gt; Get more help at https://help.gradle.org.&#10;&#10;BUILD FAILED in 59s&#10;4 actionable tasks: 3 executed, 1 up-to-date&#10;" />
        
      </testcase>
    
  </testsuite>
</testsuites>
